<?xml version="1.0" encoding="UTF-8"?>
<!-- Generated by org.testng.reporters.JUnitReportReporter -->
<testsuite hostname="LAPTOP-694OGOAA" failures="0" tests="1" name="testclasses.HomePageTestClass" time="0.595" errors="0" timestamp="2025-07-17T15:50:47 IST" skipped="0">
  <testcase classname="testclasses.HomePageTestClass" name="MyAccountTest" time="0.595"/>
  <system-out/>
</testsuite> <!-- testclasses.HomePageTestClass -->
