<?xml version="1.0" encoding="UTF-8"?>
<!-- Generated by org.testng.reporters.JUnitReportReporter -->
<testsuite hostname="LAPTOP-694OGOAA" failures="0" tests="1" name="testclasses.WindowHandle" time="0.831" errors="0" timestamp="2025-07-19T18:46:01 IST" skipped="0">
  <testcase classname="testclasses.WindowHandle" name="windowSwitchTest" time="0.831"/>
  <system-out/>
</testsuite> <!-- testclasses.WindowHandle -->
