<?xml version="1.0" encoding="UTF-8"?>
<!-- Generated by org.testng.reporters.JUnitReportReporter -->
<testsuite hostname="LAPTOP-694OGOAA" failures="0" tests="1" name="testclasses.DropDownTest" time="0.432" errors="0" timestamp="2025-07-20T13:52:27 IST" skipped="0">
  <testcase classname="testclasses.DropDownTest" name="dropDownSelect" time="0.432"/>
  <system-out/>
</testsuite> <!-- testclasses.DropDownTest -->
