<?xml version="1.0" encoding="UTF-8"?>
<!-- Generated by org.testng.reporters.JUnitReportReporter -->
<testsuite hostname="LAPTOP-694OGOAA" failures="0" tests="1" name="testclasses.HomePageTestClass" time="1.552" errors="0" timestamp="2025-07-23T07:10:58 IST" skipped="0">
  <testcase classname="testclasses.HomePageTestClass" name="MyAccountTest" time="1.552"/>
  <system-out/>
</testsuite> <!-- testclasses.HomePageTestClass -->
