<?xml version="1.0" encoding="UTF-8"?>
<!-- Generated by org.testng.reporters.JUnitReportReporter -->
<testsuite hostname="DESKTOP-88VP3Q4" failures="0" tests="1" name="testclasses.HomePageTestClass" time="2.403" errors="0" timestamp="2025-07-16T07:35:57 IST" skipped="0">
  <testcase classname="testclasses.HomePageTestClass" name="MyAccountTest" time="2.403"/>
  <system-out/>
</testsuite> <!-- testclasses.HomePageTestClass -->
