<?xml version="1.0" encoding="UTF-8"?>
<!-- Generated by org.testng.reporters.JUnitReportReporter -->
<testsuite hostname="LAPTOP-694OGOAA" failures="0" tests="1" name="testclasses.BrokenLinkTest" time="9.354" errors="0" timestamp="2025-07-17T07:35:56 IST" skipped="0">
  <testcase classname="testclasses.BrokenLinkTest" name="LinkCheckTest" time="9.354"/>
  <system-out/>
</testsuite> <!-- testclasses.BrokenLinkTest -->
