<?xml version="1.0" encoding="UTF-8"?>
<!-- Generated by org.testng.reporters.JUnitReportReporter -->
<testsuite hostname="LAPTOP-694OGOAA" failures="0" tests="1" name="testclasses.AuthenticationPopus" time="3.374" errors="0" timestamp="2025-07-19T15:05:42 IST" skipped="0">
  <testcase classname="testclasses.AuthenticationPopus" name="setip" time="3.374"/>
  <system-out/>
</testsuite> <!-- testclasses.AuthenticationPopus -->
