<?xml version="1.0" encoding="UTF-8"?>
<!-- Generated by org.testng.reporters.JUnitReportReporter -->
<testsuite hostname="DESKTOP-88VP3Q4" failures="0" tests="2" name="pages.DataProviderPage" time="0.311" errors="0" timestamp="2025-07-13T15:18:33 IST" skipped="0">
  <testcase classname="pages.DataProviderPage" name="login" time="0.175"/>
  <system-out/>
  <testcase classname="pages.DataProviderPage" name="login" time="0.136"/>
  <system-out/>
</testsuite> <!-- pages.DataProviderPage -->
