<?xml version="1.0" encoding="UTF-8"?>
<!-- Generated by org.testng.reporters.JUnitReportReporter -->
<testsuite hostname="DESKTOP-88VP3Q4" failures="0" tests="1" name="testclasses.TablesPageTestClass" time="5.140" errors="0" timestamp="2025-07-13T12:25:14 IST" skipped="0">
  <testcase classname="testclasses.TablesPageTestClass" name="TableTest" time="5.140"/>
  <system-out/>
</testsuite> <!-- testclasses.TablesPageTestClass -->
