<?xml version="1.0" encoding="UTF-8"?>
<!-- Generated by org.testng.reporters.JUnitReportReporter -->
<testsuite hostname="DESKTOP-88VP3Q4" failures="0" tests="1" name="testclasses.IFramePractiseTestClass" time="0.621" errors="0" timestamp="2025-07-13T10:24:13 IST" skipped="0">
  <testcase classname="testclasses.IFramePractiseTestClass" name="framesPractice" time="0.621"/>
  <system-out/>
</testsuite> <!-- testclasses.IFramePractiseTestClass -->
