<?xml version="1.0" encoding="UTF-8"?>
<!-- Generated by org.testng.reporters.JUnitReportReporter -->
<testsuite hostname="LAPTOP-694OGOAA" failures="0" tests="1" name="testclasses.TablesPageTestClass" time="0.435" errors="0" timestamp="2025-07-18T02:03:04 IST" skipped="0">
  <testcase classname="testclasses.TablesPageTestClass" name="TableTest" time="0.435"/>
  <system-out/>
</testsuite> <!-- testclasses.TablesPageTestClass -->
